<?xml version="1.0" encoding="UTF-8"?>
<!-- Generated by org.testng.reporters.JUnitXMLReporter -->
<testsuite hostname="ashwin-HP-Notebook" failures="0" tests="45" name="Command line test" time="4.527" errors="0" timestamp="19 Apr 2020 18:01:17 GMT">
  <testcase classname="com.upraised.springmvc.controller.AppControllerTest" name="deleteOpening" time="0.025"/>
  <testcase classname="com.upraised.springmvc.controller.AppControllerTest" name="editCompanyandTitle" time="0.041"/>
  <testcase classname="com.upraised.springmvc.controller.AppControllerTest" name="getCompanies" time="0.006"/>
  <testcase classname="com.upraised.springmvc.controller.AppControllerTest" name="getCompanyAndOpeningsByName" time="0.002"/>
  <testcase classname="com.upraised.springmvc.controller.AppControllerTest" name="getOpeningsByFilterWithSuccess" time="0.002"/>
  <testcase classname="com.upraised.springmvc.controller.AppControllerTest" name="getOpeningsByFilterWithValidationError" time="0.001"/>
  <testcase classname="com.upraised.springmvc.controller.AppControllerTest" name="listOpenings" time="0.001"/>
  <testcase classname="com.upraised.springmvc.controller.AppControllerTest" name="newCompany" time="0.001"/>
  <testcase classname="com.upraised.springmvc.controller.AppControllerTest" name="newOpenings" time="0.001"/>
  <testcase classname="com.upraised.springmvc.controller.AppControllerTest" name="saveCompanyWithSuccess" time="0.001"/>
  <testcase classname="com.upraised.springmvc.controller.AppControllerTest" name="saveCompanyWithValidationError" time="0.001"/>
  <testcase classname="com.upraised.springmvc.controller.AppControllerTest" name="saveCompanyWithValidationErrorNonCorrectEmployee" time="0.003"/>
  <testcase classname="com.upraised.springmvc.controller.AppControllerTest" name="saveCompanyWithValidationErrorNonUniqueCompany" time="0.001"/>
  <testcase classname="com.upraised.springmvc.controller.AppControllerTest" name="saveOpeningsWithSuccess" time="0.002"/>
  <testcase classname="com.upraised.springmvc.controller.AppControllerTest" name="saveOpeningsWithValidationError" time="0.0"/>
  <testcase classname="com.upraised.springmvc.controller.AppControllerTest" name="saveOpeningsWithValidationErrorExistingCompany" time="0.001"/>
  <testcase classname="com.upraised.springmvc.controller.AppControllerTest" name="saveOpeningsWithValidationErrorInvalidSeniority" time="0.001"/>
  <testcase classname="com.upraised.springmvc.controller.AppControllerTest" name="saveOpeningsWithValidationErrorNonUniqueJobId" time="0.001"/>
  <testcase classname="com.upraised.springmvc.controller.AppControllerTest" name="updateOpeningsWithSuccess" time="0.001"/>
  <testcase classname="com.upraised.springmvc.controller.AppControllerTest" name="updateOpeningsWithValidationError" time="0.001"/>
  <testcase classname="com.upraised.springmvc.controller.AppControllerTest" name="updateOpeningsWithValidationErrorInvalidSeniority" time="0.001"/>
  <testcase classname="com.upraised.springmvc.controller.AppControllerTest" name="updateOpeningsWithValidationErrorNonUniqueJobId" time="0.001"/>
  <testcase classname="com.upraised.springmvc.dao.CompanyDaoImplTest" name="deleteCompanyByInvalidName" time="0.101"/>
  <testcase classname="com.upraised.springmvc.dao.CompanyDaoImplTest" name="deleteCompanyByName" time="0.003"/>
  <testcase classname="com.upraised.springmvc.dao.CompanyDaoImplTest" name="findAllCompanies" time="0.003"/>
  <testcase classname="com.upraised.springmvc.dao.CompanyDaoImplTest" name="findById" time="0.011"/>
  <testcase classname="com.upraised.springmvc.dao.CompanyDaoImplTest" name="findCompanyByName" time="0.011"/>
  <testcase classname="com.upraised.springmvc.dao.CompanyDaoImplTest" name="saveCompany" time="0.02"/>
  <testcase classname="com.upraised.springmvc.service.CompanyServiceImplTest" name="deleteCompanyByName" time="0.001"/>
  <testcase classname="com.upraised.springmvc.service.CompanyServiceImplTest" name="findAllCompanies" time="0.001"/>
  <testcase classname="com.upraised.springmvc.service.CompanyServiceImplTest" name="findById" time="0.001"/>
  <testcase classname="com.upraised.springmvc.service.CompanyServiceImplTest" name="findCompanyByName" time="0.001"/>
  <testcase classname="com.upraised.springmvc.service.CompanyServiceImplTest" name="isCompanyByNameUnique" time="0.001"/>
  <testcase classname="com.upraised.springmvc.service.CompanyServiceImplTest" name="listCompaniesByName" time="0.001"/>
  <testcase classname="com.upraised.springmvc.service.CompanyServiceImplTest" name="listCompaniesByNameWithError" time="0.005"/>
  <testcase classname="com.upraised.springmvc.service.CompanyServiceImplTest" name="saveCompany" time="0.0"/>
  <testcase classname="com.upraised.springmvc.service.OpeningsServiceImplTest" name="deleteOpeningsByJobId" time="0.001"/>
  <testcase classname="com.upraised.springmvc.service.OpeningsServiceImplTest" name="filterOpenings" time="0.0"/>
  <testcase classname="com.upraised.springmvc.service.OpeningsServiceImplTest" name="findAllOpenings" time="0.001"/>
  <testcase classname="com.upraised.springmvc.service.OpeningsServiceImplTest" name="findById" time="0.001"/>
  <testcase classname="com.upraised.springmvc.service.OpeningsServiceImplTest" name="findOpeningsByCompany" time="0.002"/>
  <testcase classname="com.upraised.springmvc.service.OpeningsServiceImplTest" name="findOpeningsByJobId" time="0.001"/>
  <testcase classname="com.upraised.springmvc.service.OpeningsServiceImplTest" name="isOpeningsByJobIdUnique" time="0.001"/>
  <testcase classname="com.upraised.springmvc.service.OpeningsServiceImplTest" name="saveOpenings" time="0.001"/>
  <testcase classname="com.upraised.springmvc.service.OpeningsServiceImplTest" name="updateOpenings" time="0.001"/>
</testsuite> <!-- Command line test -->
